\BOOKMARK [-1][-]{part.1}{I SCRUM}{}% 1
\BOOKMARK [0][-]{chapter.1}{LA METODOLOG\315A SCRUM}{part.1}% 2
\BOOKMARK [1][-]{section.1.1}{ESTRUCTURA Y FUNCIONAMIENTO}{chapter.1}% 3
\BOOKMARK [2][-]{subsection.1.1.1}{Product Owner}{section.1.1}% 4
\BOOKMARK [2][-]{subsection.1.1.2}{Scrum Master}{section.1.1}% 5
\BOOKMARK [2][-]{subsection.1.1.3}{Development Team}{section.1.1}% 6
\BOOKMARK [0][-]{chapter.2}{HISTORIAS DE USUARIO}{part.1}% 7
\BOOKMARK [1][-]{section.2.1}{PRODUCT BACKLOG}{chapter.2}% 8
\BOOKMARK [2][-]{subsection.2.1.1}{Como usuario quiero poder jugar a \040Rolit...}{section.2.1}% 9
\BOOKMARK [3][-]{subsubsection.2.1.1.1}{... siguiendo un conjunto m\355nimo de normas}{subsection.2.1.1}% 10
\BOOKMARK [3][-]{subsubsection.2.1.1.2}{... con una interfaz agradable}{subsection.2.1.1}% 11
\BOOKMARK [2][-]{subsection.2.1.2}{Como usuario quiero que Rolit introduzca caracter\355sticas innovadoras...}{section.2.1}% 12
\BOOKMARK [3][-]{subsubsection.2.1.2.1}{... pensando en las posibilidades que brinda el multijugador}{subsection.2.1.2}% 13
\BOOKMARK [3][-]{subsubsection.2.1.2.2}{... siendo intuitivo y c\363modo de jugar}{subsection.2.1.2}% 14
\BOOKMARK [1][-]{section.2.2}{REGISTRO DE CAMBIOS}{chapter.2}% 15
\BOOKMARK [2][-]{subsection.2.2.1}{Historias iniciales}{section.2.2}% 16
\BOOKMARK [2][-]{subsection.2.2.2}{Cambios Sprint 1}{section.2.2}% 17
\BOOKMARK [2][-]{subsection.2.2.3}{Cambios Sprint 2}{section.2.2}% 18
\BOOKMARK [2][-]{subsection.2.2.4}{Cambios Sprint 3}{section.2.2}% 19
\BOOKMARK [2][-]{subsection.2.2.5}{Cambios Sprint 4}{section.2.2}% 20
\BOOKMARK [2][-]{subsection.2.2.6}{Cambios Sprint 5}{section.2.2}% 21
\BOOKMARK [0][-]{chapter.3}{SPRINTS}{part.1}% 22
\BOOKMARK [1][-]{section.3.1}{SPRINT 1}{chapter.3}% 23
\BOOKMARK [2][-]{subsection.3.1.1}{Revisi\363n del Sprint}{section.3.1}% 24
\BOOKMARK [2][-]{subsection.3.1.2}{Retrospectiva}{section.3.1}% 25
\BOOKMARK [2][-]{subsection.3.1.3}{Planificaci\363n del siguiente Sprint}{section.3.1}% 26
\BOOKMARK [1][-]{section.3.2}{SPRINT 2}{chapter.3}% 27
\BOOKMARK [2][-]{subsection.3.2.1}{Revisi\363n del Sprint}{section.3.2}% 28
\BOOKMARK [2][-]{subsection.3.2.2}{Retrospectiva}{section.3.2}% 29
\BOOKMARK [2][-]{subsection.3.2.3}{Planificaci\363n del siguiente Sprint}{section.3.2}% 30
\BOOKMARK [1][-]{section.3.3}{SPRINT 3}{chapter.3}% 31
\BOOKMARK [2][-]{subsection.3.3.1}{Revisi\363n del Sprint}{section.3.3}% 32
\BOOKMARK [2][-]{subsection.3.3.2}{Retrospectiva}{section.3.3}% 33
\BOOKMARK [2][-]{subsection.3.3.3}{Planificaci\363n del siguiente Sprint}{section.3.3}% 34
\BOOKMARK [1][-]{section.3.4}{SPRINT 4}{chapter.3}% 35
\BOOKMARK [2][-]{subsection.3.4.1}{Revisi\363n del Sprint}{section.3.4}% 36
\BOOKMARK [2][-]{subsection.3.4.2}{Retrospectiva}{section.3.4}% 37
\BOOKMARK [2][-]{subsection.3.4.3}{Planificaci\363n del siguiente Sprint}{section.3.4}% 38
\BOOKMARK [1][-]{section.3.5}{SPRINT 5}{chapter.3}% 39
\BOOKMARK [2][-]{subsection.3.5.1}{Revisi\363n del Sprint}{section.3.5}% 40
\BOOKMARK [2][-]{subsection.3.5.2}{Retrospectiva}{section.3.5}% 41
\BOOKMARK [2][-]{subsection.3.5.3}{Planificaci\363n del siguiente Sprint}{section.3.5}% 42
\BOOKMARK [1][-]{section.3.6}{SPRINT 6}{chapter.3}% 43
\BOOKMARK [2][-]{subsection.3.6.1}{Revisi\363n del Sprint}{section.3.6}% 44
\BOOKMARK [2][-]{subsection.3.6.2}{Retrospectiva}{section.3.6}% 45
\BOOKMARK [2][-]{subsection.3.6.3}{Planificaci\363n del siguiente Sprint}{section.3.6}% 46
\BOOKMARK [0][-]{chapter.4}{DESCRIPCI\323N DE TRABAJO}{part.1}% 47
\BOOKMARK [1][-]{section.4.1}{Sergio Miguel Garc\355a Jim\351nez}{chapter.4}% 48
\BOOKMARK [1][-]{section.4.2}{Leonardo Mac\355as S\341nchez}{chapter.4}% 49
\BOOKMARK [1][-]{section.4.3}{Daniel Gonz\341lez Arbelo}{chapter.4}% 50
\BOOKMARK [1][-]{section.4.4}{Mar\355a del Mar Ramiro Ortega}{chapter.4}% 51
\BOOKMARK [1][-]{section.4.5}{Juan Diego Barrado Daganzo}{chapter.4}% 52
\BOOKMARK [1][-]{section.4.6}{Virginia Chac\363n P\351rez}{chapter.4}% 53
\BOOKMARK [-1][-]{part.2}{II DISE\321O}{}% 54
\BOOKMARK [0][-]{chapter.5}{Dise\361o y evoluci\363n de las Historias de Usuario}{part.2}% 55
\BOOKMARK [1][-]{subsection.5.0.1}{Como usuario quiero poder jugar a Rolit siguiendo un conjunto m\355nimo de normas}{chapter.5}% 56
\BOOKMARK [2][-]{subsection.5.0.2}{Como usuario quiero poder jugar a Rolit con una interfaz agradable}{subsection.5.0.1}% 57
\BOOKMARK [3][-]{subsubsection.5.0.2.1}{Como usuario, me gustar\355a que se pudiesen personalizar los colores con los que jugamos cada jugador porque hace m\341s visual el juego.}{subsection.5.0.2}% 58
\BOOKMARK [3][-]{subsubsection.5.0.2.2}{Como usuario, me gustar\355a que tenga una interfaz gr\341fica amable porque hace m\341s f\341cil jugar.}{subsection.5.0.2}% 59
\BOOKMARK [2][-]{subsection.5.0.3}{Como usuario quiero que Rolit introduzca caracter\355sticas innovadoras pensando en las posibilidades que brinda el multijugador}{subsection.5.0.1}% 60
\BOOKMARK [3][-]{subsubsection.5.0.3.1}{Como usuario, me gustar\355a que se pudiera jugar contra una inteligencia artificial, as\355 como que ellas jugaran solas}{subsection.5.0.3}% 61
\BOOKMARK [3][-]{subsubsection.5.0.3.2}{Como usuario, me gustar\355a que se pudiera jugar en red.}{subsection.5.0.3}% 62
\BOOKMARK [2][-]{subsection.5.0.4}{Como usuario quiero que Rolit introduzca caracter\355sticas innovadoras siendo intuitivo y c\363modo de jugar}{subsection.5.0.1}% 63
\BOOKMARK [3][-]{subsubsection.5.0.4.1}{Como usuario, me gustar\355a que se pudiese guardar y cargar partida para continuar m\341s tarde porque permite poner en pausa el juego}{subsection.5.0.4}% 64
\BOOKMARK [3][-]{subsubsection.5.0.4.2}{Como usuario, me gustar\355a poder guardar y cargar distintas partidas, eligiendo el nombre del fichero donde se cargan/guardan}{subsection.5.0.4}% 65
\BOOKMARK [3][-]{subsubsection.5.0.4.3}{Como usuario, me gustar\355a que se pudiera guardar repeticiones de partida para poder revisarlas m\341s tarde}{subsection.5.0.4}% 66
\BOOKMARK [3][-]{subsubsection.5.0.4.4}{Como usuario, me gustar\355a poder salir del juego en cualquier momento}{subsection.5.0.4}% 67
\BOOKMARK [2][-]{subsection.5.0.5}{Como usuario, me gustar\355a que el n\372mero de jugadores fuese variable porque as\355 se adapta a diferentes grupos de personas}{subsection.5.0.1}% 68
\BOOKMARK [2][-]{subsection.5.0.6}{Como usuario, me gustar\355a que el n\372mero de jugadores fuese variable porque as\355 se adapta a diferentes grupos de personas}{subsection.5.0.1}% 69
\BOOKMARK [0][-]{chapter.6}{Dise\361o y evoluci\363n de otros aspectos del proyecto}{part.2}% 70
\BOOKMARK [1][-]{subsection.6.0.1}{Builders}{chapter.6}% 71
\BOOKMARK [2][-]{subsection.6.0.2}{Commands}{subsection.6.0.1}% 72
\BOOKMARK [0][-]{chapter.7}{Tests de JUnits}{part.2}% 73
\BOOKMARK [1][-]{section.7.1}{Paquete Builders}{chapter.7}% 74
\BOOKMARK [2][-]{subsection.7.1.1}{GameClassicBuilderTest}{section.7.1}% 75
\BOOKMARK [2][-]{subsection.7.1.2}{GameTeamsBuilderTest}{section.7.1}% 76
\BOOKMARK [1][-]{section.7.2}{Paquete Commands}{chapter.7}% 77
\BOOKMARK [2][-]{subsection.7.2.1}{ExitCommandTest}{section.7.2}% 78
\BOOKMARK [2][-]{subsection.7.2.2}{PlaceCubeCommandTest}{section.7.2}% 79
\BOOKMARK [2][-]{subsection.7.2.3}{SaveCommandTest}{section.7.2}% 80
\BOOKMARK [1][-]{section.7.3}{Paquete IA}{chapter.7}% 81
\BOOKMARK [2][-]{subsection.7.3.1}{IATest}{section.7.3}% 82
\BOOKMARK [1][-]{section.7.4}{Paquete Logic}{chapter.7}% 83
\BOOKMARK [2][-]{subsection.7.4.1}{BoardTest}{section.7.4}% 84
\BOOKMARK [2][-]{subsection.7.4.2}{CubeTest}{section.7.4}% 85
\BOOKMARK [2][-]{subsection.7.4.3}{GameClassicTest}{section.7.4}% 86
\BOOKMARK [2][-]{subsection.7.4.4}{GameTeamsTest}{section.7.4}% 87
\BOOKMARK [2][-]{subsection.7.4.5}{PlayerTest}{section.7.4}% 88
\BOOKMARK [2][-]{subsection.7.4.6}{TeamTest}{section.7.4}% 89
\BOOKMARK [1][-]{section.7.5}{Paquete Replay}{chapter.7}% 90
\BOOKMARK [2][-]{subsection.7.5.1}{ReplayTest}{section.7.5}% 91
\BOOKMARK [2][-]{subsection.7.5.2}{StateTest}{section.7.5}% 92
\BOOKMARK [0][-]{chapter.8}{Dise\361o final}{part.2}% 93
\BOOKMARK [1][-]{section.8.1}{Paquete model}{chapter.8}% 94
\BOOKMARK [2][-]{subsection.8.1.1}{Builders}{section.8.1}% 95
\BOOKMARK [3][-]{subsubsection.8.1.1.1}{GameClassicBuilder y GameTeamsBuilder}{subsection.8.1.1}% 96
\BOOKMARK [3][-]{subsubsection.8.1.1.2}{GameBuilder}{subsection.8.1.1}% 97
\BOOKMARK [2][-]{subsection.8.1.2}{Commands}{section.8.1}% 98
\BOOKMARK [3][-]{subsubsection.8.1.2.1}{ExitCommand}{subsection.8.1.2}% 99
\BOOKMARK [3][-]{subsubsection.8.1.2.2}{HelpCommand}{subsection.8.1.2}% 100
\BOOKMARK [3][-]{subsubsection.8.1.2.3}{PlaceCubeCommand}{subsection.8.1.2}% 101
\BOOKMARK [3][-]{subsubsection.8.1.2.4}{SaveCommand}{subsection.8.1.2}% 102
\BOOKMARK [2][-]{subsection.8.1.3}{Logic}{section.8.1}% 103
\BOOKMARK [3][-]{subsubsection.8.1.3.1}{Color}{subsection.8.1.3}% 104
\BOOKMARK [3][-]{subsubsection.8.1.3.2}{Cube}{subsection.8.1.3}% 105
\BOOKMARK [3][-]{subsubsection.8.1.3.3}{Shape}{subsection.8.1.3}% 106
\BOOKMARK [3][-]{subsubsection.8.1.3.4}{Board}{subsection.8.1.3}% 107
\BOOKMARK [3][-]{subsubsection.8.1.3.5}{Rival}{subsection.8.1.3}% 108
\BOOKMARK [3][-]{subsubsection.8.1.3.6}{Player}{subsection.8.1.3}% 109
\BOOKMARK [3][-]{subsubsection.8.1.3.7}{Team}{subsection.8.1.3}% 110
\BOOKMARK [3][-]{subsubsection.8.1.3.8}{TurnManager}{subsection.8.1.3}% 111
\BOOKMARK [3][-]{subsubsection.8.1.3.9}{Game, GameClassic y GameTeams}{subsection.8.1.3}% 112
\BOOKMARK [2][-]{subsection.8.1.4}{Online}{section.8.1}% 113
\BOOKMARK [3][-]{subsubsection.8.1.4.1}{Modo por equipos}{subsection.8.1.4}% 114
\BOOKMARK [2][-]{subsection.8.1.5}{Replay}{section.8.1}% 115
\BOOKMARK [3][-]{subsubsection.8.1.5.1}{Replay}{subsection.8.1.5}% 116
\BOOKMARK [3][-]{subsubsection.8.1.5.2}{GameState}{subsection.8.1.5}% 117
\BOOKMARK [2][-]{subsection.8.1.6}{Strategy}{section.8.1}% 118
\BOOKMARK [3][-]{subsubsection.8.1.6.1}{Strategy}{subsection.8.1.6}% 119
\BOOKMARK [3][-]{subsubsection.8.1.6.2}{RandomStrategy}{subsection.8.1.6}% 120
\BOOKMARK [3][-]{subsubsection.8.1.6.3}{MinimaxStrategy}{subsection.8.1.6}% 121
\BOOKMARK [3][-]{subsubsection.8.1.6.4}{GreedyStrategy}{subsection.8.1.6}% 122
\BOOKMARK [3][-]{subsubsection.8.1.6.5}{SimplifiedBoard}{subsection.8.1.6}% 123
\BOOKMARK [1][-]{section.8.2}{Paquete Controller}{chapter.8}% 124
\BOOKMARK [1][-]{section.8.3}{Paquete View}{chapter.8}% 125
\BOOKMARK [2][-]{subsection.8.3.1}{ConsoleWindow}{section.8.3}% 126
\BOOKMARK [3][-]{subsubsection.8.3.1.1}{MainBashWindow}{subsection.8.3.1}% 127
\BOOKMARK [3][-]{subsubsection.8.3.1.2}{NewGameWindow, NewGameClassicWindow y NewGameTeamsWindow}{subsection.8.3.1}% 128
\BOOKMARK [3][-]{subsubsection.8.3.1.3}{LoadGameWindow}{subsection.8.3.1}% 129
\BOOKMARK [3][-]{subsubsection.8.3.1.4}{DeleteGameWindow}{subsection.8.3.1}% 130
\BOOKMARK [3][-]{subsubsection.8.3.1.5}{LoadReplayWindow}{subsection.8.3.1}% 131
\BOOKMARK [3][-]{subsubsection.8.3.1.6}{SaveReplayWindow}{subsection.8.3.1}% 132
\BOOKMARK [3][-]{subsubsection.8.3.1.7}{PlayWindow}{subsection.8.3.1}% 133
\BOOKMARK [2][-]{subsection.8.3.2}{GUIView}{section.8.3}% 134
\BOOKMARK [3][-]{subsubsection.8.3.2.1}{GUIView}{subsection.8.3.2}% 135
\BOOKMARK [0][-]{appendix.Alph1}{Anexo I: Reports}{part.2}% 136
\BOOKMARK [0][-]{appendix.Alph2}{Anexo II: Lista de todas las clases}{part.2}% 137
\BOOKMARK [0][-]{appendix.Alph3}{Anexo III: Estrategia Minimax adaptada a Rolit}{part.2}% 138
\BOOKMARK [0][-]{appendix.Alph4}{Anexo IV: Poda Alfa-Beta}{part.2}% 139
\BOOKMARK [0][-]{appendix.Alph5}{POSIBLES MEJORAS}{part.2}% 140
\BOOKMARK [1][-]{subsubsection.Alph5.0.0.1}{Builders}{appendix.Alph5}% 141
\BOOKMARK [2][-]{subsubsection.Alph5.0.0.2}{Replay}{subsubsection.Alph5.0.0.1}% 142
