\BOOKMARK [0][-]{chapter.1}{\376\377\000D\000i\000s\000e\000\361\000o\000\040\000y\000\040\000e\000v\000o\000l\000u\000c\000i\000\363\000n\000\040\000d\000e\000\040\000l\000a\000s\000\040\000H\000i\000s\000t\000o\000r\000i\000a\000s\000\040\000d\000e\000\040\000U\000s\000u\000a\000r\000i\000o}{}% 1
\BOOKMARK [1][-]{subsection.1.0.1}{\376\377\000C\000o\000m\000o\000\040\000u\000s\000u\000a\000r\000i\000o\000\040\000q\000u\000i\000e\000r\000o\000\040\000p\000o\000d\000e\000r\000\040\000j\000u\000g\000a\000r\000\040\000a\000\040\000R\000o\000l\000i\000t\000\040\000c\000o\000n\000\040\000u\000n\000a\000\040\000i\000n\000t\000e\000r\000f\000a\000z\000\040\000a\000g\000r\000a\000d\000a\000b\000l\000e}{chapter.1}% 2
\BOOKMARK [2][-]{subsubsection.1.0.1.1}{\376\377\000J\000U\000A\000N\000D\000I\000\040\000-\000\040\000C\000o\000m\000o\000\040\000u\000s\000u\000a\000r\000i\000o\000,\000\040\000m\000e\000\040\000g\000u\000s\000t\000a\000r\000\355\000a\000\040\000q\000u\000e\000\040\000s\000e\000\040\000p\000u\000d\000i\000e\000s\000e\000n\000\040\000p\000e\000r\000s\000o\000n\000a\000l\000i\000z\000a\000r\000\040\000l\000o\000s\000\040\000c\000o\000l\000o\000r\000e\000s\000\040\000c\000o\000n\000\040\000l\000o\000s\000\040\000q\000u\000e\000\040\000j\000u\000g\000a\000m\000o\000s\000\040\000c\000a\000d\000a\000\040\000j\000u\000g\000a\000d\000o\000r\000\040\000p\000o\000r\000q\000u\000e\000\040\000h\000a\000c\000e\000\040\000m\000\341\000s\000\040\000v\000i\000s\000u\000a\000l\000\040\000e\000l\000\040\000j\000u\000e\000g\000o\000.}{subsection.1.0.1}% 3
\BOOKMARK [3][-]{subsubsection.1.0.1.2}{\376\377\000C\000o\000m\000o\000\040\000u\000s\000u\000a\000r\000i\000o\000,\000\040\000m\000e\000\040\000g\000u\000s\000t\000a\000r\000\355\000a\000\040\000q\000u\000e\000\040\000t\000e\000n\000g\000a\000\040\000u\000n\000a\000\040\000i\000n\000t\000e\000r\000f\000a\000z\000\040\000g\000r\000\341\000f\000i\000c\000a\000\040\000a\000m\000a\000b\000l\000e\000\040\000p\000o\000r\000q\000u\000e\000\040\000h\000a\000c\000e\000\040\000m\000\341\000s\000\040\000f\000\341\000c\000i\000l\000\040\000j\000u\000g\000a\000r\000.}{subsubsection.1.0.1.1}% 4
\BOOKMARK [2][-]{subsection.1.0.2}{\376\377\000C\000o\000m\000o\000\040\000u\000s\000u\000a\000r\000i\000o\000\040\000q\000u\000i\000e\000r\000o\000\040\000q\000u\000e\000\040\000R\000o\000l\000i\000t\000\040\000i\000n\000t\000r\000o\000d\000u\000z\000c\000a\000\040\000c\000a\000r\000a\000c\000t\000e\000r\000\355\000s\000t\000i\000c\000a\000s\000\040\000i\000n\000n\000o\000v\000a\000d\000o\000r\000a\000s\000\040\000p\000e\000n\000s\000a\000n\000d\000o\000\040\000e\000n\000\040\000l\000a\000s\000\040\000p\000o\000s\000i\000b\000i\000l\000i\000d\000a\000d\000e\000s\000\040\000q\000u\000e\000\040\000b\000r\000i\000n\000d\000a\000\040\000e\000l\000\040\000m\000u\000l\000t\000i\000j\000u\000g\000a\000d\000o\000r}{subsection.1.0.1}% 5
\BOOKMARK [3][-]{subsubsection.1.0.2.1}{\376\377\000C\000o\000m\000o\000\040\000u\000s\000u\000a\000r\000i\000o\000,\000\040\000m\000e\000\040\000g\000u\000s\000t\000a\000r\000\355\000a\000\040\000q\000u\000e\000\040\000s\000e\000\040\000p\000u\000d\000i\000e\000r\000a\000\040\000j\000u\000g\000a\000r\000\040\000c\000o\000n\000t\000r\000a\000\040\000u\000n\000a\000\040\000i\000n\000t\000e\000l\000i\000g\000e\000n\000c\000i\000a\000\040\000a\000r\000t\000i\000f\000i\000c\000i\000a\000l\000,\000\040\000a\000s\000\355\000\040\000c\000o\000m\000o\000\040\000q\000u\000e\000\040\000e\000l\000l\000a\000s\000\040\000j\000u\000g\000a\000r\000a\000n\000\040\000s\000o\000l\000a\000s}{subsection.1.0.2}% 6
\BOOKMARK [3][-]{subsubsection.1.0.2.2}{\376\377\000C\000o\000m\000o\000\040\000u\000s\000u\000a\000r\000i\000o\000,\000\040\000m\000e\000\040\000g\000u\000s\000t\000a\000r\000\355\000a\000\040\000q\000u\000e\000\040\000s\000e\000\040\000p\000u\000d\000i\000e\000r\000a\000\040\000j\000u\000g\000a\000r\000\040\000e\000n\000\040\000r\000e\000d\000.}{subsection.1.0.2}% 7
\BOOKMARK [2][-]{subsection.1.0.3}{\376\377\000C\000o\000m\000o\000\040\000u\000s\000u\000a\000r\000i\000o\000\040\000q\000u\000i\000e\000r\000o\000\040\000q\000u\000e\000\040\000R\000o\000l\000i\000t\000\040\000i\000n\000t\000r\000o\000d\000u\000z\000c\000a\000\040\000c\000a\000r\000a\000c\000t\000e\000r\000\355\000s\000t\000i\000c\000a\000s\000\040\000i\000n\000n\000o\000v\000a\000d\000o\000r\000a\000s\000\040\000s\000i\000e\000n\000d\000o\000\040\000i\000n\000t\000u\000i\000t\000i\000v\000o\000\040\000y\000\040\000c\000\363\000m\000o\000d\000o\000\040\000d\000e\000\040\000j\000u\000g\000a\000r}{subsection.1.0.1}% 8
\BOOKMARK [3][-]{subsubsection.1.0.3.1}{\376\377\000C\000o\000m\000o\000\040\000u\000s\000u\000a\000r\000i\000o\000,\000\040\000m\000e\000\040\000g\000u\000s\000t\000a\000r\000\355\000a\000\040\000q\000u\000e\000\040\000s\000e\000\040\000p\000u\000d\000i\000e\000s\000e\000\040\000g\000u\000a\000r\000d\000a\000r\000\040\000y\000\040\000c\000a\000r\000g\000a\000r\000\040\000p\000a\000r\000t\000i\000d\000a\000\040\000p\000a\000r\000a\000\040\000c\000o\000n\000t\000i\000n\000u\000a\000r\000\040\000m\000\341\000s\000\040\000t\000a\000r\000d\000e\000\040\000p\000o\000r\000q\000u\000e\000\040\000p\000e\000r\000m\000i\000t\000e\000\040\000p\000o\000n\000e\000r\000\040\000e\000n\000\040\000p\000a\000u\000s\000a\000\040\000e\000l\000\040\000j\000u\000e\000g\000o}{subsection.1.0.3}% 9
\BOOKMARK [3][-]{subsubsection.1.0.3.2}{\376\377\000C\000o\000m\000o\000\040\000u\000s\000u\000a\000r\000i\000o\000,\000\040\000m\000e\000\040\000g\000u\000s\000t\000a\000r\000\355\000a\000\040\000p\000o\000d\000e\000r\000\040\000g\000u\000a\000r\000d\000a\000r\000\040\000y\000\040\000c\000a\000r\000g\000a\000r\000\040\000d\000i\000s\000t\000i\000n\000t\000a\000s\000\040\000p\000a\000r\000t\000i\000d\000a\000s\000,\000\040\000e\000l\000i\000g\000i\000e\000n\000d\000o\000\040\000e\000l\000\040\000n\000o\000m\000b\000r\000e\000\040\000d\000e\000l\000\040\000f\000i\000c\000h\000e\000r\000o\000\040\000d\000o\000n\000d\000e\000\040\000s\000e\000\040\000c\000a\000r\000g\000a\000n\000/\000g\000u\000a\000r\000d\000a\000n}{subsection.1.0.3}% 10
\BOOKMARK [3][-]{subsubsection.1.0.3.3}{\376\377\000C\000o\000m\000o\000\040\000u\000s\000u\000a\000r\000i\000o\000,\000\040\000m\000e\000\040\000g\000u\000s\000t\000a\000r\000\355\000a\000\040\000q\000u\000e\000\040\000s\000e\000\040\000p\000u\000d\000i\000e\000r\000a\000\040\000g\000u\000a\000r\000d\000a\000r\000\040\000r\000e\000p\000e\000t\000i\000c\000i\000o\000n\000e\000s\000\040\000d\000e\000\040\000p\000a\000r\000t\000i\000d\000a\000\040\000p\000a\000r\000a\000\040\000p\000o\000d\000e\000r\000\040\000r\000e\000v\000i\000s\000a\000r\000l\000a\000s\000\040\000m\000\341\000s\000\040\000t\000a\000r\000d\000e}{subsection.1.0.3}% 11
\BOOKMARK [3][-]{subsubsection.1.0.3.4}{\376\377\000C\000o\000m\000o\000\040\000u\000s\000u\000a\000r\000i\000o\000,\000\040\000m\000e\000\040\000g\000u\000s\000t\000a\000r\000\355\000a\000\040\000p\000o\000d\000e\000r\000\040\000s\000a\000l\000i\000r\000\040\000d\000e\000l\000\040\000j\000u\000e\000g\000o\000\040\000e\000n\000\040\000c\000u\000a\000l\000q\000u\000i\000e\000r\000\040\000m\000o\000m\000e\000n\000t\000o}{subsection.1.0.3}% 12
\BOOKMARK [2][-]{subsection.1.0.4}{\376\377\000C\000o\000m\000o\000\040\000u\000s\000u\000a\000r\000i\000o\000,\000\040\000m\000e\000\040\000g\000u\000s\000t\000a\000r\000\355\000a\000\040\000q\000u\000e\000\040\000e\000l\000\040\000n\000\372\000m\000e\000r\000o\000\040\000d\000e\000\040\000j\000u\000g\000a\000d\000o\000r\000e\000s\000\040\000f\000u\000e\000s\000e\000\040\000v\000a\000r\000i\000a\000b\000l\000e\000\040\000p\000o\000r\000q\000u\000e\000\040\000a\000s\000\355\000\040\000s\000e\000\040\000a\000d\000a\000p\000t\000a\000\040\000a\000\040\000d\000i\000f\000e\000r\000e\000n\000t\000e\000s\000\040\000g\000r\000u\000p\000o\000s\000\040\000d\000e\000\040\000p\000e\000r\000s\000o\000n\000a\000s}{subsection.1.0.1}% 13
\BOOKMARK [2][-]{subsection.1.0.5}{\376\377\000C\000o\000m\000o\000\040\000u\000s\000u\000a\000r\000i\000o\000,\000\040\000m\000e\000\040\000g\000u\000s\000t\000a\000r\000\355\000a\000\040\000q\000u\000e\000\040\000e\000l\000\040\000n\000\372\000m\000e\000r\000o\000\040\000d\000e\000\040\000j\000u\000g\000a\000d\000o\000r\000e\000s\000\040\000f\000u\000e\000s\000e\000\040\000v\000a\000r\000i\000a\000b\000l\000e\000\040\000p\000o\000r\000q\000u\000e\000\040\000a\000s\000\355\000\040\000s\000e\000\040\000a\000d\000a\000p\000t\000a\000\040\000a\000\040\000d\000i\000f\000e\000r\000e\000n\000t\000e\000s\000\040\000g\000r\000u\000p\000o\000s\000\040\000d\000e\000\040\000p\000e\000r\000s\000o\000n\000a\000s}{subsection.1.0.1}% 14
\BOOKMARK [0][-]{chapter.2}{\376\377\000D\000i\000s\000e\000\361\000o\000\040\000y\000\040\000e\000v\000o\000l\000u\000c\000i\000\363\000n\000\040\000d\000e\000\040\000o\000t\000r\000o\000s\000\040\000a\000s\000p\000e\000c\000t\000o\000s\000\040\000d\000e\000l\000\040\000p\000r\000o\000y\000e\000c\000t\000o}{}% 15
\BOOKMARK [1][-]{subsection.2.0.1}{\376\377\000B\000u\000i\000l\000d\000e\000r\000s}{chapter.2}% 16
\BOOKMARK [2][-]{subsection.2.0.2}{\376\377\000C\000o\000m\000m\000a\000n\000d\000s}{subsection.2.0.1}% 17
\BOOKMARK [0][-]{chapter.3}{\376\377\000D\000i\000s\000e\000\361\000o\000\040\000f\000i\000n\000a\000l}{}% 18
\BOOKMARK [1][-]{section.3.1}{\376\377\000P\000a\000q\000u\000e\000t\000e\000\040\000m\000o\000d\000e\000l}{chapter.3}% 19
\BOOKMARK [2][-]{subsection.3.1.1}{\376\377\000B\000u\000i\000l\000d\000e\000r\000s}{section.3.1}% 20
\BOOKMARK [3][-]{subsubsection.3.1.1.1}{\376\377\000G\000a\000m\000e\000C\000l\000a\000s\000s\000i\000c\000B\000u\000i\000l\000d\000e\000r\000\040\000y\000\040\000G\000a\000m\000e\000T\000e\000a\000m\000s\000B\000u\000i\000l\000d\000e\000r}{subsection.3.1.1}% 21
\BOOKMARK [3][-]{subsubsection.3.1.1.2}{\376\377\000G\000a\000m\000e\000B\000u\000i\000l\000d\000e\000r}{subsection.3.1.1}% 22
\BOOKMARK [2][-]{subsection.3.1.2}{\376\377\000C\000o\000m\000m\000a\000n\000d\000s}{section.3.1}% 23
\BOOKMARK [2][-]{subsection.3.1.3}{\376\377\000L\000o\000g\000i\000c}{section.3.1}% 24
\BOOKMARK [3][-]{subsubsection.3.1.3.1}{\376\377\000C\000o\000l\000o\000r}{subsection.3.1.3}% 25
\BOOKMARK [3][-]{subsubsection.3.1.3.2}{\376\377\000C\000u\000b\000e}{subsection.3.1.3}% 26
\BOOKMARK [3][-]{subsubsection.3.1.3.3}{\376\377\000S\000h\000a\000p\000e}{subsection.3.1.3}% 27
\BOOKMARK [3][-]{subsubsection.3.1.3.4}{\376\377\000B\000o\000a\000r\000d}{subsection.3.1.3}% 28
\BOOKMARK [3][-]{subsubsection.3.1.3.5}{\376\377\000R\000i\000v\000a\000l}{subsection.3.1.3}% 29
\BOOKMARK [3][-]{subsubsection.3.1.3.6}{\376\377\000P\000l\000a\000y\000e\000r}{subsection.3.1.3}% 30
\BOOKMARK [3][-]{subsubsection.3.1.3.7}{\376\377\000T\000e\000a\000m}{subsection.3.1.3}% 31
\BOOKMARK [3][-]{subsubsection.3.1.3.8}{\376\377\000T\000u\000r\000n\000M\000a\000n\000a\000g\000e\000r}{subsection.3.1.3}% 32
\BOOKMARK [2][-]{subsection.3.1.4}{\376\377\000O\000n\000l\000i\000n\000e}{section.3.1}% 33
\BOOKMARK [2][-]{subsection.3.1.5}{\376\377\000R\000e\000p\000l\000a\000y}{section.3.1}% 34
\BOOKMARK [2][-]{subsection.3.1.6}{\376\377\000S\000t\000r\000a\000t\000e\000g\000y}{section.3.1}% 35
\BOOKMARK [3][-]{subsubsection.3.1.6.1}{\376\377\000S\000t\000r\000a\000t\000e\000g\000y}{subsection.3.1.6}% 36
\BOOKMARK [3][-]{subsubsection.3.1.6.2}{\376\377\000R\000a\000n\000d\000o\000m\000S\000t\000r\000a\000t\000e\000g\000y}{subsection.3.1.6}% 37
\BOOKMARK [3][-]{subsubsection.3.1.6.3}{\376\377\000M\000i\000n\000i\000m\000a\000x\000S\000t\000r\000a\000t\000e\000g\000y}{subsection.3.1.6}% 38
\BOOKMARK [3][-]{subsubsection.3.1.6.4}{\376\377\000G\000r\000e\000e\000d\000y\000S\000t\000r\000a\000t\000e\000g\000y}{subsection.3.1.6}% 39
\BOOKMARK [3][-]{subsubsection.3.1.6.5}{\376\377\000S\000i\000m\000p\000l\000i\000f\000i\000e\000d\000B\000o\000a\000r\000d}{subsection.3.1.6}% 40
\BOOKMARK [1][-]{section.3.2}{\376\377\000P\000a\000q\000u\000e\000t\000e\000\040\000C\000o\000n\000t\000r\000o\000l\000l\000e\000r}{chapter.3}% 41
\BOOKMARK [1][-]{section.3.3}{\376\377\000P\000a\000q\000u\000e\000t\000e\000\040\000V\000i\000e\000w}{chapter.3}% 42
\BOOKMARK [2][-]{subsection.3.3.1}{\376\377\000C\000o\000n\000s\000o\000l\000e\000W\000i\000n\000d\000o\000w}{section.3.3}% 43
\BOOKMARK [3][-]{subsubsection.3.3.1.1}{\376\377\000M\000a\000i\000n\000B\000a\000s\000h\000W\000i\000n\000d\000o\000w}{subsection.3.3.1}% 44
\BOOKMARK [2][-]{subsection.3.3.2}{\376\377\000G\000U\000I\000V\000i\000e\000w}{section.3.3}% 45
\BOOKMARK [0][-]{chapter.4}{\376\377\000A\000n\000e\000x\000o\000\040\000I\000:\000\040\000R\000e\000p\000o\000r\000t\000s}{}% 46
\BOOKMARK [0][-]{chapter.5}{\376\377\000A\000n\000e\000x\000o\000\040\000I\000I\000:\000\040\000E\000s\000t\000r\000a\000t\000e\000g\000i\000a\000\040\000M\000i\000n\000i\000m\000a\000x\000\040\000a\000d\000a\000p\000t\000a\000d\000a\000\040\000a\000\040\000R\000o\000l\000i\000t}{}% 47
\BOOKMARK [0][-]{chapter.6}{\376\377\000A\000n\000e\000x\000o\000\040\000I\000I\000I\000:\000\040\000P\000o\000d\000a\000\040\000A\000l\000f\000a\000-\000B\000e\000t\000a}{}% 48
\BOOKMARK [0][-]{chapter.7}{\376\377\000P\000O\000S\000I\000B\000L\000E\000S\000\040\000M\000E\000J\000O\000R\000A\000S}{}% 49
\BOOKMARK [1][-]{subsubsection.7.0.0.1}{\376\377\000B\000u\000i\000l\000d\000e\000r\000s}{chapter.7}% 50
