This is pdfTeX, Version 3.141592653-2.6-1.40.24 (MiKTeX 22.3) (preloaded format=pdflatex 2022.3.20)  6 MAY 2022 19:35
entering extended mode
 restricted \write18 enabled.
 %&-line parsing enabled.
**./Disenyo.tex
(Disenyo.tex
LaTeX2e <2021-11-15> patch level 1
L3 programming layer <2022-02-24> (C:\Miktex\tex/latex/base\article.cls
Document Class: article 2021/10/04 v1.4n Standard LaTeX document class
(C:\Miktex\tex/latex/base\size10.clo
File: size10.clo 2021/10/04 v1.4n Standard LaTeX file (size option)
)
\c@part=\count185
\c@section=\count186
\c@subsection=\count187
\c@subsubsection=\count188
\c@paragraph=\count189
\c@subparagraph=\count190
\c@figure=\count191
\c@table=\count192
\abovecaptionskip=\skip47
\belowcaptionskip=\skip48
\bibindent=\dimen138
)
(C:\Miktex\tex/latex/graphics\graphicx.sty
Package: graphicx 2021/09/16 v1.2d Enhanced LaTeX Graphics (DPC,SPQR)

(C:\Miktex\tex/latex/graphics\keyval.sty
Package: keyval 2014/10/28 v1.15 key=value parser (DPC)
\KV@toks@=\toks16
)
(C:\Miktex\tex/latex/graphics\graphics.sty
Package: graphics 2021/03/04 v1.4d Standard LaTeX Graphics (DPC,SPQR)

(C:\Miktex\tex/latex/graphics\trig.sty
Package: trig 2021/08/11 v1.11 sin cos tan (DPC)
)
(C:\Miktex\tex/latex/graphics-cfg\graphics.cfg
File: graphics.cfg 2016/06/04 v1.11 sample graphics configuration
)
Package graphics Info: Driver file: pdftex.def on input line 107.

(C:\Miktex\tex/latex/graphics-def\pdftex.def
File: pdftex.def 2020/10/05 v1.2a Graphics/color driver for pdftex
))
\Gin@req@height=\dimen139
\Gin@req@width=\dimen140
)
(C:\Miktex\tex/latex/l3backend\l3backend-pdftex.def
File: l3backend-pdftex.def 2022-02-07 L3 backend support: PDF output (pdfTeX)
\l__color_backend_stack_int=\count193
\l__pdf_internal_box=\box50
) (Disenyo.aux)
\openout1 = `Disenyo.aux'.

LaTeX Font Info:    Checking defaults for OML/cmm/m/it on input line 3.
LaTeX Font Info:    ... okay on input line 3.
LaTeX Font Info:    Checking defaults for OMS/cmsy/m/n on input line 3.
LaTeX Font Info:    ... okay on input line 3.
LaTeX Font Info:    Checking defaults for OT1/cmr/m/n on input line 3.
LaTeX Font Info:    ... okay on input line 3.
LaTeX Font Info:    Checking defaults for T1/cmr/m/n on input line 3.
LaTeX Font Info:    ... okay on input line 3.
LaTeX Font Info:    Checking defaults for TS1/cmr/m/n on input line 3.
LaTeX Font Info:    ... okay on input line 3.
LaTeX Font Info:    Checking defaults for OMX/cmex/m/n on input line 3.
LaTeX Font Info:    ... okay on input line 3.
LaTeX Font Info:    Checking defaults for U/cmr/m/n on input line 3.
LaTeX Font Info:    ... okay on input line 3.

(C:\Miktex\tex/context/base/mkii\supp-pdf.mkii
[Loading MPS to PDF converter (version 2006.09.02).]
\scratchcounter=\count194
\scratchdimen=\dimen141
\scratchbox=\box51
\nofMPsegments=\count195
\nofMParguments=\count196
\everyMPshowfont=\toks17
\MPscratchCnt=\count197
\MPscratchDim=\dimen142
\MPnumerator=\count198
\makeMPintoPDFobject=\count199
\everyMPtoPDFconversion=\toks18
) (C:\Miktex\tex/latex/epstopdf-pkg\epstopdf-base.sty
Package: epstopdf-base 2020-01-24 v2.11 Base part for package epstopdf
Package epstopdf-base Info: Redefining graphics rule for `.eps' on input line 4
85.

(C:\Miktex\tex/latex/00miktex\epstopdf-sys.cfg
File: epstopdf-sys.cfg 2021/03/18 v2.0 Configuration of epstopdf for MiKTeX
))
Overfull \hbox (3.87558pt too wide) in paragraph at lines 25--26
\OT1/cmr/m/n/10 La clase Game re-sponde a eje-cu-ciones del Place-CubeCom-mand,
 colo-cando nuevos
 []

[1

{C:/Users/Usuario/AppData/Local/MiKTeX/fonts/map/pdftex/pdftex.map}] [2]
Overfull \hbox (14.15564pt too wide) in paragraph at lines 82--82
[]\OT1/cmr/bx/n/12 Como usuario quiero que Rolit in-tro-duzca car-ac-ter^^S^^Ps
ticas
 []

[3] [4]
<fotos//minimaxExample.jpg, id=17, 899.61093pt x 498.36188pt>
File: fotos//minimaxExample.jpg Graphic file (type jpg)
<use fotos//minimaxExample.jpg>
Package pdftex.def Info: fotos//minimaxExample.jpg  used on input line 121.
(pdftex.def)             Requested size: 449.80437pt x 249.18033pt.

Overfull \hbox (104.80437pt too wide) in paragraph at lines 121--122
 [] 
 []

[5] [6 <./fotos//minimaxExample.jpg>]
<fotos//Minimax.calculateNextMove()-Sprint5.png, id=24, 693.59125pt x 1049.9225
pt>
File: fotos//Minimax.calculateNextMove()-Sprint5.png Graphic file (type png)
<use fotos//Minimax.calculateNextMove()-Sprint5.png>
Package pdftex.def Info: fotos//Minimax.calculateNextMove()-Sprint5.png  used o
n input line 156.
(pdftex.def)             Requested size: 346.79477pt x 524.95996pt.

Overfull \hbox (1.79477pt too wide) in paragraph at lines 156--157
 [] 
 []

[7] [8 <./fotos//Minimax.calculateNextMove()-Sprint5.png (PNG copy)>]
LaTeX Font Info:    External font `cmex10' loaded for size
(Font)              <7> on input line 163.
LaTeX Font Info:    External font `cmex10' loaded for size
(Font)              <5> on input line 163.
<fotos//poda alfa-beta.png, id=32, 401.5pt x 203.76125pt>
File: fotos//poda alfa-beta.png Graphic file (type png)
<use fotos//poda alfa-beta.png>
Package pdftex.def Info: fotos//poda alfa-beta.png  used on input line 171.
(pdftex.def)             Requested size: 200.7495pt x 101.88037pt.
<fotos//Minimax.calculateNextMove()-Sprint6.png, id=34, 773.89125pt x 1257.6987
5pt>
File: fotos//Minimax.calculateNextMove()-Sprint6.png Graphic file (type png)
<use fotos//Minimax.calculateNextMove()-Sprint6.png>
Package pdftex.def Info: fotos//Minimax.calculateNextMove()-Sprint6.png  used o
n input line 181.
(pdftex.def)             Requested size: 386.94467pt x 628.84784pt.

Overfull \hbox (41.94467pt too wide) in paragraph at lines 181--182
 [] 
 []

[9 <./fotos//poda alfa-beta.png>]
Overfull \vbox (78.84784pt too high) has occurred while \output is active []


[10 <./fotos//Minimax.calculateNextMove()-Sprint6.png (PNG copy)>] (Disenyo.aux
) ) 
Here is how much of TeX's memory you used:
 1299 strings out of 478582
 21705 string characters out of 2860753
 316645 words of memory out of 3000000
 19523 multiletter control sequences out of 15000+600000
 470777 words of font info for 33 fonts, out of 8000000 for 9000
 1141 hyphenation exceptions out of 8191
 55i,6n,62p,1111b,176s stack positions out of 10000i,1000n,20000p,200000b,80000s
<C:/Miktex/fonts/type1/public/amsfonts/cm/cmbx10.pfb><C:/Miktex/fonts/type1/
public/amsfonts/cm/cmbx12.pfb><C:/Miktex/fonts/type1/public/amsfonts/cm/cmr10.p
fb><C:/Miktex/fonts/type1/public/amsfonts/cm/cmsy10.pfb>
Output written on Disenyo.pdf (10 pages, 309462 bytes).
PDF statistics:
 61 PDF objects out of 1000 (max. 8388607)
 0 named destinations out of 1000 (max. 500000)
 21 words of extra memory for PDF output out of 10000 (max. 10000000)

