\BOOKMARK [0][-]{chapter.1}{\376\377\000L\000A\000\040\000M\000E\000T\000O\000D\000O\000L\000O\000G\000\315\000A\000\040\000S\000C\000R\000U\000M}{}% 1
\BOOKMARK [1][-]{section.1.1}{\376\377\000E\000S\000T\000R\000U\000C\000T\000U\000R\000A\000\040\000Y\000\040\000F\000U\000N\000C\000I\000O\000N\000A\000M\000I\000E\000N\000T\000O}{chapter.1}% 2
\BOOKMARK [2][-]{subsection.1.1.1}{\376\377\000P\000r\000o\000d\000u\000c\000t\000\040\000O\000w\000n\000e\000r}{section.1.1}% 3
\BOOKMARK [2][-]{subsection.1.1.2}{\376\377\000S\000c\000r\000u\000m\000\040\000M\000a\000s\000t\000e\000r}{section.1.1}% 4
\BOOKMARK [2][-]{subsection.1.1.3}{\376\377\000D\000e\000v\000e\000l\000o\000p\000m\000e\000n\000t\000\040\000T\000e\000a\000m}{section.1.1}% 5
\BOOKMARK [0][-]{chapter.2}{\376\377\000H\000I\000S\000T\000O\000R\000I\000A\000S\000\040\000D\000E\000\040\000U\000S\000U\000A\000R\000I\000O}{}% 6
\BOOKMARK [1][-]{section.2.1}{\376\377\000P\000R\000O\000D\000U\000C\000T\000\040\000B\000A\000C\000K\000L\000O\000G}{chapter.2}% 7
\BOOKMARK [2][-]{subsection.2.1.1}{\376\377\000C\000o\000m\000o\000\040\000u\000s\000u\000a\000r\000i\000o\000\040\000q\000u\000i\000e\000r\000o\000\040\000p\000o\000d\000e\000r\000\040\000j\000u\000g\000a\000r\000\040\000a\000\040\000\040\000R\000o\000l\000i\000t\000.\000.\000.}{section.2.1}% 8
\BOOKMARK [3][-]{subsubsection.2.1.1.1}{\376\377\000.\000.\000.\000\040\000s\000i\000g\000u\000i\000e\000n\000d\000o\000\040\000u\000n\000\040\000c\000o\000n\000j\000u\000n\000t\000o\000\040\000m\000\355\000n\000i\000m\000o\000\040\000d\000e\000\040\000n\000o\000r\000m\000a\000s}{subsection.2.1.1}% 9
\BOOKMARK [3][-]{subsubsection.2.1.1.2}{\376\377\000.\000.\000.\000\040\000c\000o\000n\000\040\000u\000n\000a\000\040\000i\000n\000t\000e\000r\000f\000a\000z\000\040\000a\000g\000r\000a\000d\000a\000b\000l\000e}{subsection.2.1.1}% 10
\BOOKMARK [2][-]{subsection.2.1.2}{\376\377\000C\000o\000m\000o\000\040\000u\000s\000u\000a\000r\000i\000o\000\040\000q\000u\000i\000e\000r\000o\000\040\000q\000u\000e\000\040\000R\000o\000l\000i\000t\000\040\000i\000n\000t\000r\000o\000d\000u\000z\000c\000a\000\040\000c\000a\000r\000a\000c\000t\000e\000r\000\355\000s\000t\000i\000c\000a\000s\000\040\000i\000n\000n\000o\000v\000a\000d\000o\000r\000a\000s\000.\000.\000.}{section.2.1}% 11
\BOOKMARK [3][-]{subsubsection.2.1.2.1}{\376\377\000.\000.\000.\000\040\000p\000e\000n\000s\000a\000n\000d\000o\000\040\000e\000n\000\040\000l\000a\000s\000\040\000p\000o\000s\000i\000b\000i\000l\000i\000d\000a\000d\000e\000s\000\040\000q\000u\000e\000\040\000b\000r\000i\000n\000d\000a\000\040\000e\000l\000\040\000m\000u\000l\000t\000i\000j\000u\000g\000a\000d\000o\000r}{subsection.2.1.2}% 12
\BOOKMARK [3][-]{subsubsection.2.1.2.2}{\376\377\000.\000.\000.\000\040\000s\000i\000e\000n\000d\000o\000\040\000i\000n\000t\000u\000i\000t\000i\000v\000o\000\040\000y\000\040\000c\000\363\000m\000o\000d\000o\000\040\000d\000e\000\040\000j\000u\000g\000a\000r}{subsection.2.1.2}% 13
\BOOKMARK [1][-]{section.2.2}{\376\377\000R\000E\000G\000I\000S\000T\000R\000O\000\040\000D\000E\000\040\000C\000A\000M\000B\000I\000O\000S}{chapter.2}% 14
\BOOKMARK [2][-]{subsection.2.2.1}{\376\377\000H\000i\000s\000t\000o\000r\000i\000a\000s\000\040\000i\000n\000i\000c\000i\000a\000l\000e\000s}{section.2.2}% 15
\BOOKMARK [2][-]{subsection.2.2.2}{\376\377\000C\000a\000m\000b\000i\000o\000s\000\040\000S\000p\000r\000i\000n\000t\000\040\0001}{section.2.2}% 16
\BOOKMARK [2][-]{subsection.2.2.3}{\376\377\000C\000a\000m\000b\000i\000o\000s\000\040\000S\000p\000r\000i\000n\000t\000\040\0002}{section.2.2}% 17
\BOOKMARK [2][-]{subsection.2.2.4}{\376\377\000C\000a\000m\000b\000i\000o\000s\000\040\000S\000p\000r\000i\000n\000t\000\040\0003}{section.2.2}% 18
\BOOKMARK [2][-]{subsection.2.2.5}{\376\377\000C\000a\000m\000b\000i\000o\000s\000\040\000S\000p\000r\000i\000n\000t\000\040\0004}{section.2.2}% 19
\BOOKMARK [2][-]{subsection.2.2.6}{\376\377\000C\000a\000m\000b\000i\000o\000s\000\040\000S\000p\000r\000i\000n\000t\000\040\0005}{section.2.2}% 20
\BOOKMARK [0][-]{chapter.3}{\376\377\000S\000P\000R\000I\000N\000T\000S}{}% 21
\BOOKMARK [1][-]{section.3.1}{\376\377\000S\000P\000R\000I\000N\000T\000\040\0001}{chapter.3}% 22
\BOOKMARK [2][-]{subsection.3.1.1}{\376\377\000R\000e\000v\000i\000s\000i\000\363\000n\000\040\000d\000e\000l\000\040\000S\000p\000r\000i\000n\000t}{section.3.1}% 23
\BOOKMARK [2][-]{subsection.3.1.2}{\376\377\000R\000e\000t\000r\000o\000s\000p\000e\000c\000t\000i\000v\000a}{section.3.1}% 24
\BOOKMARK [2][-]{subsection.3.1.3}{\376\377\000P\000l\000a\000n\000i\000f\000i\000c\000a\000c\000i\000\363\000n\000\040\000d\000e\000l\000\040\000s\000i\000g\000u\000i\000e\000n\000t\000e\000\040\000S\000p\000r\000i\000n\000t}{section.3.1}% 25
\BOOKMARK [1][-]{section.3.2}{\376\377\000S\000P\000R\000I\000N\000T\000\040\0002}{chapter.3}% 26
\BOOKMARK [2][-]{subsection.3.2.1}{\376\377\000R\000e\000v\000i\000s\000i\000\363\000n\000\040\000d\000e\000l\000\040\000S\000p\000r\000i\000n\000t}{section.3.2}% 27
\BOOKMARK [2][-]{subsection.3.2.2}{\376\377\000R\000e\000t\000r\000o\000s\000p\000e\000c\000t\000i\000v\000a}{section.3.2}% 28
\BOOKMARK [2][-]{subsection.3.2.3}{\376\377\000P\000l\000a\000n\000i\000f\000i\000c\000a\000c\000i\000\363\000n\000\040\000d\000e\000l\000\040\000s\000i\000g\000u\000i\000e\000n\000t\000e\000\040\000S\000p\000r\000i\000n\000t}{section.3.2}% 29
\BOOKMARK [1][-]{section.3.3}{\376\377\000S\000P\000R\000I\000N\000T\000\040\0003}{chapter.3}% 30
\BOOKMARK [2][-]{subsection.3.3.1}{\376\377\000R\000e\000v\000i\000s\000i\000\363\000n\000\040\000d\000e\000l\000\040\000S\000p\000r\000i\000n\000t}{section.3.3}% 31
\BOOKMARK [2][-]{subsection.3.3.2}{\376\377\000R\000e\000t\000r\000o\000s\000p\000e\000c\000t\000i\000v\000a}{section.3.3}% 32
\BOOKMARK [2][-]{subsection.3.3.3}{\376\377\000P\000l\000a\000n\000i\000f\000i\000c\000a\000c\000i\000\363\000n\000\040\000d\000e\000l\000\040\000s\000i\000g\000u\000i\000e\000n\000t\000e\000\040\000S\000p\000r\000i\000n\000t}{section.3.3}% 33
\BOOKMARK [1][-]{section.3.4}{\376\377\000S\000P\000R\000I\000N\000T\000\040\0004}{chapter.3}% 34
\BOOKMARK [2][-]{subsection.3.4.1}{\376\377\000R\000e\000v\000i\000s\000i\000\363\000n\000\040\000d\000e\000l\000\040\000S\000p\000r\000i\000n\000t}{section.3.4}% 35
\BOOKMARK [2][-]{subsection.3.4.2}{\376\377\000R\000e\000t\000r\000o\000s\000p\000e\000c\000t\000i\000v\000a}{section.3.4}% 36
\BOOKMARK [2][-]{subsection.3.4.3}{\376\377\000P\000l\000a\000n\000i\000f\000i\000c\000a\000c\000i\000\363\000n\000\040\000d\000e\000l\000\040\000s\000i\000g\000u\000i\000e\000n\000t\000e\000\040\000S\000p\000r\000i\000n\000t}{section.3.4}% 37
\BOOKMARK [1][-]{section.3.5}{\376\377\000S\000P\000R\000I\000N\000T\000\040\0005}{chapter.3}% 38
\BOOKMARK [2][-]{subsection.3.5.1}{\376\377\000R\000e\000v\000i\000s\000i\000\363\000n\000\040\000d\000e\000l\000\040\000S\000p\000r\000i\000n\000t}{section.3.5}% 39
\BOOKMARK [2][-]{subsection.3.5.2}{\376\377\000R\000e\000t\000r\000o\000s\000p\000e\000c\000t\000i\000v\000a}{section.3.5}% 40
\BOOKMARK [2][-]{subsection.3.5.3}{\376\377\000P\000l\000a\000n\000i\000f\000i\000c\000a\000c\000i\000\363\000n\000\040\000d\000e\000l\000\040\000s\000i\000g\000u\000i\000e\000n\000t\000e\000\040\000S\000p\000r\000i\000n\000t}{section.3.5}% 41
\BOOKMARK [1][-]{section.3.6}{\376\377\000S\000P\000R\000I\000N\000T\000\040\0006}{chapter.3}% 42
\BOOKMARK [2][-]{subsection.3.6.1}{\376\377\000R\000e\000v\000i\000s\000i\000\363\000n\000\040\000d\000e\000l\000\040\000S\000p\000r\000i\000n\000t}{section.3.6}% 43
\BOOKMARK [2][-]{subsection.3.6.2}{\376\377\000R\000e\000t\000r\000o\000s\000p\000e\000c\000t\000i\000v\000a}{section.3.6}% 44
\BOOKMARK [2][-]{subsection.3.6.3}{\376\377\000P\000l\000a\000n\000i\000f\000i\000c\000a\000c\000i\000\363\000n\000\040\000d\000e\000l\000\040\000s\000i\000g\000u\000i\000e\000n\000t\000e\000\040\000S\000p\000r\000i\000n\000t}{section.3.6}% 45
\BOOKMARK [0][-]{chapter.4}{\376\377\000D\000E\000S\000C\000R\000I\000P\000C\000I\000\323\000N\000\040\000D\000E\000\040\000T\000R\000A\000B\000A\000J\000O}{}% 46
\BOOKMARK [1][-]{section.4.1}{\376\377\000S\000e\000r\000g\000i\000o\000\040\000M\000i\000g\000u\000e\000l\000\040\000G\000a\000r\000c\000\355\000a\000\040\000J\000i\000m\000\351\000n\000e\000z}{chapter.4}% 47
\BOOKMARK [1][-]{section.4.2}{\376\377\000L\000e\000o\000n\000a\000r\000d\000o\000\040\000M\000a\000c\000\355\000a\000s\000\040\000S\000\341\000n\000c\000h\000e\000z}{chapter.4}% 48
\BOOKMARK [1][-]{section.4.3}{\376\377\000D\000a\000n\000i\000e\000l\000\040\000G\000o\000n\000z\000\341\000l\000e\000z\000\040\000A\000r\000b\000e\000l\000o}{chapter.4}% 49
\BOOKMARK [1][-]{section.4.4}{\376\377\000M\000a\000r\000\355\000a\000\040\000d\000e\000l\000\040\000M\000a\000r\000\040\000R\000a\000m\000i\000r\000o\000\040\000O\000r\000t\000e\000g\000a}{chapter.4}% 50
\BOOKMARK [1][-]{section.4.5}{\376\377\000J\000u\000a\000n\000\040\000D\000i\000e\000g\000o\000\040\000B\000a\000r\000r\000a\000d\000o\000\040\000D\000a\000g\000a\000n\000z\000o}{chapter.4}% 51
\BOOKMARK [1][-]{section.4.6}{\376\377\000V\000i\000r\000g\000i\000n\000i\000a\000\040\000C\000h\000a\000c\000\363\000n\000\040\000P\000\351\000r\000e\000z}{chapter.4}% 52
